# JRE version: OpenJDK Runtime Environment (8.0_112-b06) (build 1.8.0_112-release-b06)
# Java VM: OpenJDK 64-Bit Server VM (25.112-b06 mixed mode windows-amd64 compressed oops)
Heap:
 PSYoungGen      total 443904K, used 386165K [0x00000000e0000000, 0x0000000100000000, 0x0000000100000000)
  eden space 406528K, 94% used [0x00000000e0000000,0x00000000f791d7b0,0x00000000f8d00000)
  from space 37376K, 0% used [0x00000000fdb80000,0x00000000fdb80000,0x0000000100000000)
  to   space 58880K, 0% used [0x00000000f8d00000,0x00000000f8d00000,0x00000000fc680000)
 ParOldGen       total 162304K, used 56849K [0x00000000a0000000, 0x00000000a9e80000, 0x00000000e0000000)
  object space 162304K, 35% used [0x00000000a0000000,0x00000000a3784650,0x00000000a9e80000)
 Metaspace       used 75658K, capacity 78406K, committed 78848K, reserved 1118208K
  class space    used 9500K, capacity 10144K, committed 10240K, reserved 1048576K
GC Heap History (10 events):
Event: 2442.421 GC heap before
{Heap before GC invocations=19 (full 3):
 PSYoungGen      total 316416K, used 298496K [0x00000000e0000000, 0x00000000fcc00000, 0x0000000100000000)
  eden space 298496K, 100% used [0x00000000e0000000,0x00000000f2380000,0x00000000f2380000)
  from space 17920K, 0% used [0x00000000f2380000,0x00000000f2380000,0x00000000f3500000)
  to   space 17920K, 0% used [0x00000000fba80000,0x00000000fba80000,0x00000000fcc00000)
 ParOldGen       total 104448K, used 36620K [0x00000000a0000000, 0x00000000a6600000, 0x00000000e0000000)
  object space 104448K, 35% used [0x00000000a0000000,0x00000000a23c3160,0x00000000a6600000)
 Metaspace       used 63586K, capacity 65858K, committed 67200K, reserved 1107968K
  class space    used 8306K, capacity 8830K, committed 9088K, reserved 1048576K
Event: 2442.474 GC heap after
Heap after GC invocations=19 (full 3):
 PSYoungGen      total 444928K, used 17901K [0x00000000e0000000, 0x00000000fdf00000, 0x0000000100000000)
  eden space 427008K, 0% used [0x00000000e0000000,0x00000000e0000000,0x00000000fa100000)
  from space 17920K, 99% used [0x00000000fba80000,0x00000000fcbfb528,0x00000000fcc00000)
  to   space 26112K, 0% used [0x00000000fa100000,0x00000000fa100000,0x00000000fba80000)
 ParOldGen       total 104448K, used 51331K [0x00000000a0000000, 0x00000000a6600000, 0x00000000e0000000)
  object space 104448K, 49% used [0x00000000a0000000,0x00000000a3220c10,0x00000000a6600000)
 Metaspace       used 63586K, capacity 65858K, committed 67200K, reserved 1107968K
  class space    used 8306K, capacity 8830K, committed 9088K, reserved 1048576K
}
Event: 2447.938 GC heap before
{Heap before GC invocations=20 (full 3):
 PSYoungGen      total 444928K, used 444896K [0x00000000e0000000, 0x00000000fdf00000, 0x0000000100000000)
  eden space 427008K, 99% used [0x00000000e0000000,0x00000000fa0fcea0,0x00000000fa100000)
  from space 17920K, 99% used [0x00000000fba80000,0x00000000fcbfb528,0x00000000fcc00000)
  to   space 26112K, 0% used [0x00000000fa100000,0x00000000fa100000,0x00000000fba80000)
 ParOldGen       total 104448K, used 51331K [0x00000000a0000000, 0x00000000a6600000, 0x00000000e0000000)
  object space 104448K, 49% used [0x00000000a0000000,0x00000000a3220c10,0x00000000a6600000)
 Metaspace       used 66901K, capacity 69376K, committed 70400K, reserved 1110016K
  class space    used 8611K, capacity 9211K, committed 9472K, reserved 1048576K
Event: 2448.012 GC heap after
Heap after GC invocations=20 (full 3):
 PSYoungGen      total 453120K, used 26084K [0x00000000e0000000, 0x0000000100000000, 0x0000000100000000)
  eden space 427008K, 0% used [0x00000000e0000000,0x00000000e0000000,0x00000000fa100000)
  from space 26112K, 99% used [0x00000000fa100000,0x00000000fba79120,0x00000000fba80000)
  to   space 37376K, 0% used [0x00000000fdb80000,0x00000000fdb80000,0x0000000100000000)
 ParOldGen       total 104448K, used 70315K [0x00000000a0000000, 0x00000000a6600000, 0x00000000e0000000)
  object space 104448K, 67% used [0x00000000a0000000,0x00000000a44aaf10,0x00000000a6600000)
 Metaspace       used 66901K, capacity 69376K, committed 70400K, reserved 1110016K
  class space    used 8611K, capacity 9211K, committed 9472K, reserved 1048576K
}
Event: 2462.430 GC heap before
{Heap before GC invocations=21 (full 3):
 PSYoungGen      total 453120K, used 453092K [0x00000000e0000000, 0x0000000100000000, 0x0000000100000000)
  eden space 427008K, 100% used [0x00000000e0000000,0x00000000fa100000,0x00000000fa100000)
  from space 26112K, 99% used [0x00000000fa100000,0x00000000fba79120,0x00000000fba80000)
  to   space 37376K, 0% used [0x00000000fdb80000,0x00000000fdb80000,0x0000000100000000)
 ParOldGen       total 104448K, used 70315K [0x00000000a0000000, 0x00000000a6600000, 0x00000000e0000000)
  object space 104448K, 67% used [0x00000000a0000000,0x00000000a44aaf10,0x00000000a6600000)
 Metaspace       used 74704K, capacity 77480K, committed 78080K, reserved 1118208K
  class space    used 9416K, capacity 10081K, committed 10240K, reserved 1048576K
Event: 2462.540 GC heap after
Heap after GC invocations=21 (full 3):
 PSYoungGen      total 443904K, used 37350K [0x00000000e0000000, 0x0000000100000000, 0x0000000100000000)
  eden space 406528K, 0% used [0x00000000e0000000,0x00000000e0000000,0x00000000f8d00000)
  from space 37376K, 99% used [0x00000000fdb80000,0x00000000ffff9af8,0x0000000100000000)
  to   space 58880K, 0% used [0x00000000f8d00000,0x00000000f8d00000,0x00000000fc680000)
 ParOldGen       total 112640K, used 112156K [0x00000000a0000000, 0x00000000a6e00000, 0x00000000e0000000)
  object space 112640K, 99% used [0x00000000a0000000,0x00000000a6d87040,0x00000000a6e00000)
 Metaspace       used 74704K, capacity 77480K, committed 78080K, reserved 1118208K
  class space    used 9416K, capacity 10081K, committed 10240K, reserved 1048576K
}
Event: 2462.540 GC heap before
{Heap before GC invocations=22 (full 4):
 PSYoungGen      total 443904K, used 37350K [0x00000000e0000000, 0x0000000100000000, 0x0000000100000000)
  eden space 406528K, 0% used [0x00000000e0000000,0x00000000e0000000,0x00000000f8d00000)
  from space 37376K, 99% used [0x00000000fdb80000,0x00000000ffff9af8,0x0000000100000000)
  to   space 58880K, 0% used [0x00000000f8d00000,0x00000000f8d00000,0x00000000fc680000)
 ParOldGen       total 112640K, used 112156K [0x00000000a0000000, 0x00000000a6e00000, 0x00000000e0000000)
  object space 112640K, 99% used [0x00000000a0000000,0x00000000a6d87040,0x00000000a6e00000)
 Metaspace       used 74704K, capacity 77480K, committed 78080K, reserved 1118208K
  class space    used 9416K, capacity 10081K, committed 10240K, reserved 1048576K
Event: 2463.081 GC heap after
Heap after GC invocations=22 (full 4):
 PSYoungGen      total 443904K, used 0K [0x00000000e0000000, 0x0000000100000000, 0x0000000100000000)
  eden space 406528K, 0% used [0x00000000e0000000,0x00000000e0000000,0x00000000f8d00000)
  from space 37376K, 0% used [0x00000000fdb80000,0x00000000fdb80000,0x0000000100000000)
  to   space 58880K, 0% used [0x00000000f8d00000,0x00000000f8d00000,0x00000000fc680000)
 ParOldGen       total 112640K, used 94004K [0x00000000a0000000, 0x00000000a6e00000, 0x00000000e0000000)
  object space 112640K, 83% used [0x00000000a0000000,0x00000000a5bcd340,0x00000000a6e00000)
 Metaspace       used 73914K, capacity 76580K, committed 78080K, reserved 1118208K
  class space    used 9329K, capacity 9933K, committed 10240K, reserved 1048576K
}
Event: 2470.876 GC heap before
{Heap before GC invocations=23 (full 5):
 PSYoungGen      total 443904K, used 406528K [0x00000000e0000000, 0x0000000100000000, 0x0000000100000000)
  eden space 406528K, 100% used [0x00000000e0000000,0x00000000f8d00000,0x00000000f8d00000)
  from space 37376K, 0% used [0x00000000fdb80000,0x00000000fdb80000,0x0000000100000000)
  to   space 58880K, 0% used [0x00000000f8d00000,0x00000000f8d00000,0x00000000fc680000)
 ParOldGen       total 112640K, used 94004K [0x00000000a0000000, 0x00000000a6e00000, 0x00000000e0000000)
  object space 112640K, 83% used [0x00000000a0000000,0x00000000a5bcd340,0x00000000a6e00000)
 Metaspace       used 75377K, capacity 78084K, committed 78592K, reserved 1118208K
  class space    used 9474K, capacity 10111K, committed 10240K, reserved 1048576K
Event: 2471.098 GC heap after
Heap after GC invocations=23 (full 5):
 PSYoungGen      total 443904K, used 0K [0x00000000e0000000, 0x0000000100000000, 0x0000000100000000)
  eden space 406528K, 0% used [0x00000000e0000000,0x00000000e0000000,0x00000000f8d00000)
  from space 37376K, 0% used [0x00000000fdb80000,0x00000000fdb80000,0x0000000100000000)
  to   space 58880K, 0% used [0x00000000f8d00000,0x00000000f8d00000,0x00000000fc680000)
 ParOldGen       total 162304K, used 56849K [0x00000000a0000000, 0x00000000a9e80000, 0x00000000e0000000)
  object space 162304K, 35% used [0x00000000a0000000,0x00000000a3784650,0x00000000a9e80000)
 Metaspace       used 75371K, capacity 78076K, committed 78592K, reserved 1118208K
  class space    used 9471K, capacity 10107K, committed 10240K, reserved 1048576K
}

